[debug] [2019-10-13T11:19:46.991Z] ----------------------------------------------------------------------
[debug] [2019-10-13T11:19:46.991Z] Command:       C:\Amar\UST\Angular\ASSIGN~2\firebase-tools-instant-win.exe C:\Users\Amar\.cache\firebase\tools\lib\node_modules\firebase-tools\lib\bin\firebase init
[debug] [2019-10-13T11:19:47.007Z] CLI Version:   7.5.0
[debug] [2019-10-13T11:19:47.007Z] Platform:      win32
[debug] [2019-10-13T11:19:47.007Z] Node Version:  v8.16.0
[debug] [2019-10-13T11:19:47.007Z] Time:          Sun Oct 13 2019 16:49:47 GMT+0530 (India Standard Time)
[debug] [2019-10-13T11:19:47.007Z] ----------------------------------------------------------------------
[debug] 
[debug] [2019-10-13T11:19:47.007Z] > command requires scopes: ["email","openid","https://www.googleapis.com/auth/cloudplatformprojects.readonly","https://www.googleapis.com/auth/firebase","https://www.googleapis.com/auth/cloud-platform"]
[debug] [2019-10-13T11:19:47.007Z] > authorizing via signed-in user
[info] 
     ######## #### ########  ######## ########     ###     ######  ########
     ##        ##  ##     ## ##       ##     ##  ##   ##  ##       ##
     ######    ##  ########  ######   ########  #########  ######  ######
     ##        ##  ##    ##  ##       ##     ## ##     ##       ## ##
     ##       #### ##     ## ######## ########  ##     ##  ######  ########

You're about to initialize a Firebase project in this directory:

  C:\Amar\UST\Angular\assignment2

Before we get started, keep in mind:

  * You are currently outside your home directory

[info] 
=== Project Setup
[info] 
[info] First, let's associate this project directory with a Firebase project.
[info] You can create multiple project aliases by running firebase use --add, 
[info] but for now we'll just set up a default project.
[info] 
[info] i  If you want to create a project in a Google Cloud organization or folder, please use "firebase projects:create" instead, and return to this command when you've created the project.
[debug] [2019-10-13T11:22:29.579Z] > refreshing access token with scopes: ["email","https://www.googleapis.com/auth/cloud-platform","https://www.googleapis.com/auth/cloudplatformprojects.readonly","https://www.googleapis.com/auth/firebase","openid"]
[debug] [2019-10-13T11:22:29.579Z] >>> HTTP REQUEST POST https://www.googleapis.com/oauth2/v3/token  
 <request body omitted>
[debug] [2019-10-13T11:22:29.798Z] <<< HTTP RESPONSE 200
[debug] [2019-10-13T11:22:29.862Z] >>> HTTP REQUEST POST https://cloudresourcemanager.googleapis.com/v1/projects  

[debug] [2019-10-13T11:22:31.493Z] <<< HTTP RESPONSE 409
[debug] [2019-10-13T11:22:31.493Z] <<< HTTP RESPONSE BODY
[debug] [2019-10-13T11:22:31.496Z] HTTP Error: 409, Requested entity already exists
[debug] [2019-10-13T11:22:31.648Z] FirebaseError: HTTP Error: 409, Requested entity already exists
    at module.exports (C:\Users\Amar\.cache\firebase\tools\lib\node_modules\firebase-tools\lib\responseToError.js:38:12)
    at Request._callback (C:\Users\Amar\.cache\firebase\tools\lib\node_modules\firebase-tools\lib\api.js:39:35)
    at Request.self.callback (C:\Users\Amar\.cache\firebase\tools\lib\node_modules\request\request.js:185:22)
    at emitTwo (events.js:126:13)
    at Request.emit (events.js:214:7)
    at Request.<anonymous> (C:\Users\Amar\.cache\firebase\tools\lib\node_modules\request\request.js:1161:10)
    at emitOne (events.js:116:13)
    at Request.emit (events.js:211:7)
    at IncomingMessage.<anonymous> (C:\Users\Amar\.cache\firebase\tools\lib\node_modules\request\request.js:1083:12)
    at Object.onceWrapper (events.js:313:30)
[error] 
[error] Error: Failed to create Google Cloud project. See firebase-debug.log for more info.
